{"ts": 1772248211.3392599, "event": "client_join", "user": "thorbthorb", "compliance_mode": "strict"}
{"ts": 1772248218.117058, "user": "thorbthorb", "accepted": true, "reason": "accepted", "bytes": 1, "sha256": "9d1e0e2d9459d06523ad13e28a4093c2316baafe7aec5b25f30eba2e113599c4", "compliance_mode": "strict"}
{"ts": 1772248221.3974452, "user": "thorbthorb", "accepted": true, "reason": "accepted", "bytes": 1, "sha256": "2e7d2c03a9507ae265ecf5b5356885a53393a2029d241394997265a1a25aefc6", "compliance_mode": "strict"}
{"ts": 1772248221.575496, "user": "thorbthorb", "accepted": true, "reason": "accepted", "bytes": 1, "sha256": "454349e422f05297191ead13e21d3db520e5abef52055e4964b82fb213f593a1", "compliance_mode": "strict"}
{"ts": 1772248221.8370728, "user": "thorbthorb", "accepted": true, "reason": "accepted", "bytes": 1, "sha256": "3f79bb7b435b05321651daefd374cdc681dc06faa65e374e38337b88ca046dea", "compliance_mode": "strict"}
{"ts": 1772248222.0289102, "user": "thorbthorb", "accepted": true, "reason": "accepted", "bytes": 1, "sha256": "ca978112ca1bbdcafac231b39a23dc4da786eff8147c4e72b9807785afee48bb", "compliance_mode": "strict"}
{"ts": 1772248222.1426072, "user": "thorbthorb", "accepted": true, "reason": "accepted", "bytes": 1, "sha256": "e3b98a4da31a127d4bde6e43033f66ba274cab0eb7eb1c70ec41402bf6273dd8", "compliance_mode": "strict"}
{"ts": 1772248222.247832, "user": "thorbthorb", "accepted": true, "reason": "accepted", "bytes": 1, "sha256": "3f79bb7b435b05321651daefd374cdc681dc06faa65e374e38337b88ca046dea", "compliance_mode": "strict"}
{"ts": 1772248222.3339179, "user": "thorbthorb", "accepted": true, "reason": "accepted", "bytes": 1, "sha256": "36a9e7f1c95b82ffb99743e0c5c4ce95d83c9a430aac59f84ef3cbfab6145068", "compliance_mode": "strict"}
{"ts": 1772248222.450638, "user": "thorbthorb", "accepted": true, "reason": "accepted", "bytes": 1, "sha256": "ca978112ca1bbdcafac231b39a23dc4da786eff8147c4e72b9807785afee48bb", "compliance_mode": "strict"}
{"ts": 1772248222.5662029, "user": "thorbthorb", "accepted": true, "reason": "accepted", "bytes": 1, "sha256": "36a9e7f1c95b82ffb99743e0c5c4ce95d83c9a430aac59f84ef3cbfab6145068", "compliance_mode": "strict"}
{"ts": 1772248222.999115, "user": "thorbthorb", "accepted": true, "reason": "accepted", "bytes": 1, "sha256": "148de9c5a7a44d19e56cd9ae1a554bf67847afb0c58f6e12fa29ac7ddfca9940", "compliance_mode": "strict"}
{"ts": 1772248223.6966422, "user": "thorbthorb", "accepted": true, "reason": "accepted", "bytes": 8, "sha256": "e39f6e50d6cbac24eec8c6cb57cec1f6692db2d3113dbac849c8c60ed5381155", "compliance_mode": "strict"}
{"ts": 1772248223.841407, "user": "thorbthorb", "accepted": true, "reason": "accepted", "bytes": 8, "sha256": "e39f6e50d6cbac24eec8c6cb57cec1f6692db2d3113dbac849c8c60ed5381155", "compliance_mode": "strict"}
{"ts": 1772248223.975094, "user": "thorbthorb", "accepted": true, "reason": "accepted", "bytes": 8, "sha256": "e39f6e50d6cbac24eec8c6cb57cec1f6692db2d3113dbac849c8c60ed5381155", "compliance_mode": "strict"}
{"ts": 1772248224.121366, "user": "thorbthorb", "accepted": true, "reason": "accepted", "bytes": 8, "sha256": "e39f6e50d6cbac24eec8c6cb57cec1f6692db2d3113dbac849c8c60ed5381155", "compliance_mode": "strict"}
{"ts": 1772248225.780701, "user": "thorbthorb", "accepted": true, "reason": "accepted", "bytes": 6, "sha256": "4334b23d3fdeb60f3d5b81447d2d0badb61b8d9d106b23011aaee29bb39dc542", "compliance_mode": "strict"}
{"ts": 1772248226.3767931, "user": "thorbthorb", "accepted": true, "reason": "accepted", "bytes": 6, "sha256": "4334b23d3fdeb60f3d5b81447d2d0badb61b8d9d106b23011aaee29bb39dc542", "compliance_mode": "strict"}
{"ts": 1772248227.660394, "user": "thorbthorb", "accepted": true, "reason": "accepted", "bytes": 1, "sha256": "e632b7095b0bf32c260fa4c539e9fd7b852d0de454e9be26f24d0d6f91d069d3", "compliance_mode": "strict"}
{"ts": 1772248227.8818939, "user": "thorbthorb", "accepted": true, "reason": "accepted", "bytes": 1, "sha256": "454349e422f05297191ead13e21d3db520e5abef52055e4964b82fb213f593a1", "compliance_mode": "strict"}
{"ts": 1772248228.0037901, "user": "thorbthorb", "accepted": true, "reason": "accepted", "bytes": 1, "sha256": "a1fce4363854ff888cff4b8e7875d600c2682390412a8cf79b37d0b11148b0fa", "compliance_mode": "strict"}
{"ts": 1772248228.1878662, "user": "thorbthorb", "accepted": true, "reason": "accepted", "bytes": 1, "sha256": "de7d1b721a1e0632b7cf04edf5032c8ecffa9f9a08492152b926f1a5a7e765d7", "compliance_mode": "strict"}
{"ts": 1772248228.3583848, "user": "thorbthorb", "accepted": true, "reason": "accepted", "bytes": 1, "sha256": "1b16b1df538ba12dc3f97edbb85caa7050d46c148134290feba80f8236c83db9", "compliance_mode": "strict"}
{"ts": 1772248228.449873, "user": "thorbthorb", "accepted": true, "reason": "accepted", "bytes": 1, "sha256": "cd0aa9856147b6c5b4ff2b7dfee5da20aa38253099ef1b4a64aced233c9afe29", "compliance_mode": "strict"}
{"ts": 1772248228.505777, "user": "thorbthorb", "accepted": true, "reason": "accepted", "bytes": 1, "sha256": "36a9e7f1c95b82ffb99743e0c5c4ce95d83c9a430aac59f84ef3cbfab6145068", "compliance_mode": "strict"}
{"ts": 1772248228.675484, "user": "thorbthorb", "accepted": true, "reason": "accepted", "bytes": 1, "sha256": "e3b98a4da31a127d4bde6e43033f66ba274cab0eb7eb1c70ec41402bf6273dd8", "compliance_mode": "strict"}
{"ts": 1772248228.741141, "user": "thorbthorb", "accepted": true, "reason": "accepted", "bytes": 1, "sha256": "65c74c15a686187bb6bbf9958f494fc6b80068034a659a9ad44991b08c58f2d2", "compliance_mode": "strict"}
{"ts": 1772248228.837213, "user": "thorbthorb", "accepted": true, "reason": "accepted", "bytes": 1, "sha256": "36a9e7f1c95b82ffb99743e0c5c4ce95d83c9a430aac59f84ef3cbfab6145068", "compliance_mode": "strict"}
{"ts": 1772248234.816193, "user": "thorbthorb", "accepted": true, "reason": "accepted", "bytes": 8, "sha256": "e39f6e50d6cbac24eec8c6cb57cec1f6692db2d3113dbac849c8c60ed5381155", "compliance_mode": "strict"}
{"ts": 1772248234.984215, "user": "thorbthorb", "accepted": true, "reason": "accepted", "bytes": 8, "sha256": "e39f6e50d6cbac24eec8c6cb57cec1f6692db2d3113dbac849c8c60ed5381155", "compliance_mode": "strict"}
{"ts": 1772248235.7626, "user": "thorbthorb", "accepted": true, "reason": "accepted", "bytes": 1, "sha256": "08f271887ce94707da822d5263bae19d5519cb3614e0daedc4c7ce5dab7473f1", "compliance_mode": "strict"}
{"ts": 1772248235.974587, "user": "thorbthorb", "accepted": true, "reason": "accepted", "bytes": 1, "sha256": "ca978112ca1bbdcafac231b39a23dc4da786eff8147c4e72b9807785afee48bb", "compliance_mode": "strict"}
{"ts": 1772248236.088413, "user": "thorbthorb", "accepted": true, "reason": "accepted", "bytes": 1, "sha256": "8254c329a92850f6d539dd376f4816ee2764517da5e0235514af433164480d7a", "compliance_mode": "strict"}
{"ts": 1772248236.254107, "user": "thorbthorb", "accepted": true, "reason": "accepted", "bytes": 1, "sha256": "de7d1b721a1e0632b7cf04edf5032c8ecffa9f9a08492152b926f1a5a7e765d7", "compliance_mode": "strict"}
{"ts": 1772248236.370636, "user": "thorbthorb", "accepted": true, "reason": "accepted", "bytes": 1, "sha256": "1b16b1df538ba12dc3f97edbb85caa7050d46c148134290feba80f8236c83db9", "compliance_mode": "strict"}
{"ts": 1772248236.4506419, "user": "thorbthorb", "accepted": true, "reason": "accepted", "bytes": 1, "sha256": "cd0aa9856147b6c5b4ff2b7dfee5da20aa38253099ef1b4a64aced233c9afe29", "compliance_mode": "strict"}
{"ts": 1772248236.517741, "user": "thorbthorb", "accepted": true, "reason": "accepted", "bytes": 1, "sha256": "36a9e7f1c95b82ffb99743e0c5c4ce95d83c9a430aac59f84ef3cbfab6145068", "compliance_mode": "strict"}
{"ts": 1772248236.6254988, "user": "thorbthorb", "accepted": true, "reason": "accepted", "bytes": 1, "sha256": "ca978112ca1bbdcafac231b39a23dc4da786eff8147c4e72b9807785afee48bb", "compliance_mode": "strict"}
{"ts": 1772248236.730027, "user": "thorbthorb", "accepted": true, "reason": "accepted", "bytes": 1, "sha256": "36a9e7f1c95b82ffb99743e0c5c4ce95d83c9a430aac59f84ef3cbfab6145068", "compliance_mode": "strict"}
{"ts": 1772248236.945309, "user": "thorbthorb", "accepted": true, "reason": "accepted", "bytes": 1, "sha256": "2e7d2c03a9507ae265ecf5b5356885a53393a2029d241394997265a1a25aefc6", "compliance_mode": "strict"}
{"ts": 1772248237.048866, "user": "thorbthorb", "accepted": true, "reason": "accepted", "bytes": 1, "sha256": "65c74c15a686187bb6bbf9958f494fc6b80068034a659a9ad44991b08c58f2d2", "compliance_mode": "strict"}
{"ts": 1772248237.2428968, "user": "thorbthorb", "accepted": true, "reason": "accepted", "bytes": 1, "sha256": "acac86c0e609ca906f632b0e2dacccb2b77d22b0621f20ebece1a4835b93f6f0", "compliance_mode": "strict"}
{"ts": 1772248237.3639512, "user": "thorbthorb", "accepted": true, "reason": "accepted", "bytes": 1, "sha256": "acac86c0e609ca906f632b0e2dacccb2b77d22b0621f20ebece1a4835b93f6f0", "compliance_mode": "strict"}
{"ts": 1772248237.5388658, "user": "thorbthorb", "accepted": true, "reason": "accepted", "bytes": 1, "sha256": "ca978112ca1bbdcafac231b39a23dc4da786eff8147c4e72b9807785afee48bb", "compliance_mode": "strict"}
{"ts": 1772248237.643966, "user": "thorbthorb", "accepted": true, "reason": "accepted", "bytes": 1, "sha256": "3e23e8160039594a33894f6564e1b1348bbd7a0088d42c4acb73eeaed59c009d", "compliance_mode": "strict"}
{"ts": 1772248237.782378, "user": "thorbthorb", "accepted": true, "reason": "accepted", "bytes": 1, "sha256": "65c74c15a686187bb6bbf9958f494fc6b80068034a659a9ad44991b08c58f2d2", "compliance_mode": "strict"}
{"ts": 1772248237.923305, "user": "thorbthorb", "accepted": true, "reason": "accepted", "bytes": 1, "sha256": "454349e422f05297191ead13e21d3db520e5abef52055e4964b82fb213f593a1", "compliance_mode": "strict"}
{"ts": 1772248238.045984, "user": "thorbthorb", "accepted": true, "reason": "accepted", "bytes": 1, "sha256": "ca978112ca1bbdcafac231b39a23dc4da786eff8147c4e72b9807785afee48bb", "compliance_mode": "strict"}
{"ts": 1772248238.159447, "user": "thorbthorb", "accepted": true, "reason": "accepted", "bytes": 1, "sha256": "e3b98a4da31a127d4bde6e43033f66ba274cab0eb7eb1c70ec41402bf6273dd8", "compliance_mode": "strict"}
{"ts": 1772248238.357116, "user": "thorbthorb", "accepted": true, "reason": "accepted", "bytes": 1, "sha256": "de7d1b721a1e0632b7cf04edf5032c8ecffa9f9a08492152b926f1a5a7e765d7", "compliance_mode": "strict"}
{"ts": 1772248238.683071, "user": "thorbthorb", "accepted": true, "reason": "accepted", "bytes": 1, "sha256": "4c94485e0c21ae6c41ce1dfe7b6bfaceea5ab68e40a2476f50208e526f506080", "compliance_mode": "strict"}
{"ts": 1772248238.827094, "user": "thorbthorb", "accepted": true, "reason": "accepted", "bytes": 1, "sha256": "3f79bb7b435b05321651daefd374cdc681dc06faa65e374e38337b88ca046dea", "compliance_mode": "strict"}
{"ts": 1772248238.909342, "user": "thorbthorb", "accepted": true, "reason": "accepted", "bytes": 1, "sha256": "36a9e7f1c95b82ffb99743e0c5c4ce95d83c9a430aac59f84ef3cbfab6145068", "compliance_mode": "strict"}
{"ts": 1772248239.2069278, "user": "thorbthorb", "accepted": true, "reason": "accepted", "bytes": 1, "sha256": "620bfdaa346b088fb49998d92f19a7eaf6bfc2fb0aee015753966da1028cb731", "compliance_mode": "strict"}
{"ts": 1772248239.4527931, "user": "thorbthorb", "accepted": true, "reason": "accepted", "bytes": 1, "sha256": "d03502c43d74a30b936740a9517dc4ea2b2ad7168caa0a774cefe793ce0b33e7", "compliance_mode": "strict"}
{"ts": 1772248239.607956, "user": "thorbthorb", "accepted": true, "reason": "accepted", "bytes": 1, "sha256": "36a9e7f1c95b82ffb99743e0c5c4ce95d83c9a430aac59f84ef3cbfab6145068", "compliance_mode": "strict"}
{"ts": 1772248239.749011, "user": "thorbthorb", "accepted": true, "reason": "accepted", "bytes": 1, "sha256": "62c66a7a5dd70c3146618063c344e531e6d4b59e379808443ce962b3abd63c5a", "compliance_mode": "strict"}
{"ts": 1772248239.904554, "user": "thorbthorb", "accepted": true, "reason": "accepted", "bytes": 1, "sha256": "0bfe935e70c321c7ca3afc75ce0d0ca2f98b5422e008bb31c00c6d7f1f1c0ad6", "compliance_mode": "strict"}
{"ts": 1772248240.0551748, "user": "thorbthorb", "accepted": true, "reason": "accepted", "bytes": 1, "sha256": "acac86c0e609ca906f632b0e2dacccb2b77d22b0621f20ebece1a4835b93f6f0", "compliance_mode": "strict"}
{"ts": 1772248240.182961, "user": "thorbthorb", "accepted": true, "reason": "accepted", "bytes": 1, "sha256": "e3b98a4da31a127d4bde6e43033f66ba274cab0eb7eb1c70ec41402bf6273dd8", "compliance_mode": "strict"}
{"ts": 1772248240.264742, "user": "thorbthorb", "accepted": true, "reason": "accepted", "bytes": 1, "sha256": "de7d1b721a1e0632b7cf04edf5032c8ecffa9f9a08492152b926f1a5a7e765d7", "compliance_mode": "strict"}
{"ts": 1772248240.5207858, "user": "thorbthorb", "accepted": true, "reason": "accepted", "bytes": 1, "sha256": "3973e022e93220f9212c18d0d0c543ae7c309e46640da93a4a0314de999f5112", "compliance_mode": "strict"}
{"ts": 1772248240.765287, "user": "thorbthorb", "accepted": true, "reason": "accepted", "bytes": 1, "sha256": "148de9c5a7a44d19e56cd9ae1a554bf67847afb0c58f6e12fa29ac7ddfca9940", "compliance_mode": "strict"}
{"ts": 1772248240.93698, "user": "thorbthorb", "accepted": true, "reason": "accepted", "bytes": 1, "sha256": "acac86c0e609ca906f632b0e2dacccb2b77d22b0621f20ebece1a4835b93f6f0", "compliance_mode": "strict"}
{"ts": 1772248241.0364642, "user": "thorbthorb", "accepted": true, "reason": "accepted", "bytes": 1, "sha256": "ca978112ca1bbdcafac231b39a23dc4da786eff8147c4e72b9807785afee48bb", "compliance_mode": "strict"}
{"ts": 1772248241.142632, "user": "thorbthorb", "accepted": true, "reason": "accepted", "bytes": 1, "sha256": "e3b98a4da31a127d4bde6e43033f66ba274cab0eb7eb1c70ec41402bf6273dd8", "compliance_mode": "strict"}
{"ts": 1772248241.145524, "user": "thorbthorb", "accepted": true, "reason": "accepted", "bytes": 1, "sha256": "a1fce4363854ff888cff4b8e7875d600c2682390412a8cf79b37d0b11148b0fa", "compliance_mode": "strict"}
{"ts": 1772248241.246442, "user": "thorbthorb", "accepted": true, "reason": "accepted", "bytes": 1, "sha256": "3f79bb7b435b05321651daefd374cdc681dc06faa65e374e38337b88ca046dea", "compliance_mode": "strict"}
{"ts": 1772248241.4095402, "user": "thorbthorb", "accepted": true, "reason": "accepted", "bytes": 1, "sha256": "454349e422f05297191ead13e21d3db520e5abef52055e4964b82fb213f593a1", "compliance_mode": "strict"}
{"ts": 1772248242.117939, "user": "thorbthorb", "accepted": true, "reason": "accepted", "bytes": 1, "sha256": "36a9e7f1c95b82ffb99743e0c5c4ce95d83c9a430aac59f84ef3cbfab6145068", "compliance_mode": "strict"}
{"ts": 1772248242.314189, "user": "thorbthorb", "accepted": true, "reason": "accepted", "bytes": 1, "sha256": "62c66a7a5dd70c3146618063c344e531e6d4b59e379808443ce962b3abd63c5a", "compliance_mode": "strict"}
{"ts": 1772248242.500114, "user": "thorbthorb", "accepted": true, "reason": "accepted", "bytes": 1, "sha256": "0bfe935e70c321c7ca3afc75ce0d0ca2f98b5422e008bb31c00c6d7f1f1c0ad6", "compliance_mode": "strict"}
{"ts": 1772248242.650301, "user": "thorbthorb", "accepted": true, "reason": "accepted", "bytes": 1, "sha256": "acac86c0e609ca906f632b0e2dacccb2b77d22b0621f20ebece1a4835b93f6f0", "compliance_mode": "strict"}
{"ts": 1772248242.766391, "user": "thorbthorb", "accepted": true, "reason": "accepted", "bytes": 1, "sha256": "e3b98a4da31a127d4bde6e43033f66ba274cab0eb7eb1c70ec41402bf6273dd8", "compliance_mode": "strict"}
{"ts": 1772248242.848402, "user": "thorbthorb", "accepted": true, "reason": "accepted", "bytes": 1, "sha256": "de7d1b721a1e0632b7cf04edf5032c8ecffa9f9a08492152b926f1a5a7e765d7", "compliance_mode": "strict"}
{"ts": 1772248243.3973482, "user": "thorbthorb", "accepted": true, "reason": "accepted", "bytes": 1, "sha256": "3973e022e93220f9212c18d0d0c543ae7c309e46640da93a4a0314de999f5112", "compliance_mode": "strict"}
{"ts": 1772248243.7846668, "user": "thorbthorb", "accepted": true, "reason": "accepted", "bytes": 1, "sha256": "ca978112ca1bbdcafac231b39a23dc4da786eff8147c4e72b9807785afee48bb", "compliance_mode": "strict"}
{"ts": 1772248243.9027588, "user": "thorbthorb", "accepted": true, "reason": "accepted", "bytes": 1, "sha256": "cd0aa9856147b6c5b4ff2b7dfee5da20aa38253099ef1b4a64aced233c9afe29", "compliance_mode": "strict"}
{"ts": 1772248244.005749, "user": "thorbthorb", "accepted": true, "reason": "accepted", "bytes": 1, "sha256": "3f79bb7b435b05321651daefd374cdc681dc06faa65e374e38337b88ca046dea", "compliance_mode": "strict"}
{"ts": 1772248244.1158311, "user": "thorbthorb", "accepted": true, "reason": "accepted", "bytes": 1, "sha256": "1b16b1df538ba12dc3f97edbb85caa7050d46c148134290feba80f8236c83db9", "compliance_mode": "strict"}
{"ts": 1772248244.220083, "user": "thorbthorb", "accepted": true, "reason": "accepted", "bytes": 1, "sha256": "e3b98a4da31a127d4bde6e43033f66ba274cab0eb7eb1c70ec41402bf6273dd8", "compliance_mode": "strict"}
{"ts": 1772248244.258101, "user": "thorbthorb", "accepted": true, "reason": "accepted", "bytes": 1, "sha256": "36a9e7f1c95b82ffb99743e0c5c4ce95d83c9a430aac59f84ef3cbfab6145068", "compliance_mode": "strict"}
{"ts": 1772248247.545249, "user": "thorbthorb", "accepted": true, "reason": "accepted", "bytes": 7, "sha256": "a24a719f4de2a834f92a3eb44b3e6d943d71d773332a83ec2ae7cd6db466cf5d", "compliance_mode": "strict"}
{"ts": 1772248248.19265, "user": "thorbthorb", "accepted": true, "reason": "accepted", "bytes": 1, "sha256": "9d1e0e2d9459d06523ad13e28a4093c2316baafe7aec5b25f30eba2e113599c4", "compliance_mode": "strict"}
{"ts": 1772248248.513071, "user": "thorbthorb", "accepted": true, "reason": "accepted", "bytes": 1, "sha256": "9d1e0e2d9459d06523ad13e28a4093c2316baafe7aec5b25f30eba2e113599c4", "compliance_mode": "strict"}
{"ts": 1772248249.89619, "user": "thorbthorb", "accepted": true, "reason": "accepted", "bytes": 1, "sha256": "9d1e0e2d9459d06523ad13e28a4093c2316baafe7aec5b25f30eba2e113599c4", "compliance_mode": "strict"}
{"ts": 1772248250.1884952, "user": "thorbthorb", "accepted": true, "reason": "accepted", "bytes": 1, "sha256": "9d1e0e2d9459d06523ad13e28a4093c2316baafe7aec5b25f30eba2e113599c4", "compliance_mode": "strict"}
{"ts": 1772248250.366832, "user": "thorbthorb", "accepted": true, "reason": "accepted", "bytes": 1, "sha256": "9d1e0e2d9459d06523ad13e28a4093c2316baafe7aec5b25f30eba2e113599c4", "compliance_mode": "strict"}
{"ts": 1772248250.829659, "user": "thorbthorb", "accepted": true, "reason": "accepted", "bytes": 7, "sha256": "a24a719f4de2a834f92a3eb44b3e6d943d71d773332a83ec2ae7cd6db466cf5d", "compliance_mode": "strict"}
{"ts": 1772248252.124062, "user": "thorbthorb", "accepted": true, "reason": "accepted", "bytes": 7, "sha256": "a24a719f4de2a834f92a3eb44b3e6d943d71d773332a83ec2ae7cd6db466cf5d", "compliance_mode": "strict"}
{"ts": 1772248252.350108, "user": "thorbthorb", "accepted": true, "reason": "accepted", "bytes": 7, "sha256": "a24a719f4de2a834f92a3eb44b3e6d943d71d773332a83ec2ae7cd6db466cf5d", "compliance_mode": "strict"}
{"ts": 1772263352.849073, "event": "client_join", "user": "thorbthorb", "compliance_mode": "strict"}
{"ts": 1772263354.862046, "user": "thorbthorb", "accepted": true, "reason": "accepted", "bytes": 5, "sha256": "eb3cfaf313cf8b0746dabc479c60b899f61551ee5a90a9b36298dd2d964fdd45", "compliance_mode": "strict"}
{"ts": 1772263354.879023, "user": "thorbthorb", "accepted": true, "reason": "accepted", "bytes": 29, "sha256": "1174d12dc78f4b7d824874de48d6e0b2d8a291329df34c6cc528d4f480f9a755", "compliance_mode": "strict"}
{"ts": 1772263354.894058, "user": "thorbthorb", "accepted": true, "reason": "accepted", "bytes": 25, "sha256": "201f7c91eb9afd90d8726e455d63d801e1ef6a9045d5ddb93bf150cd018ea7e2", "compliance_mode": "strict"}
{"ts": 1772263354.90977, "user": "thorbthorb", "accepted": true, "reason": "accepted", "bytes": 25, "sha256": "08efec0bb7a7de6a39a06cfbd0a4a6fb8f12b6f99235f6ae5b2e2e9847ffa595", "compliance_mode": "strict"}
{"ts": 1772263376.27714, "event": "client_join", "user": "parkm1", "compliance_mode": "strict"}
{"ts": 1772263380.287997, "user": "thorbthorb", "accepted": true, "reason": "accepted", "bytes": 1, "sha256": "8a5edab282632443219e051e4ade2d1d5bbc671c781051bf1437897cbdfea0f1", "compliance_mode": "strict"}
{"ts": 1772263383.0723982, "user": "thorbthorb", "accepted": true, "reason": "accepted", "bytes": 1, "sha256": "620bfdaa346b088fb49998d92f19a7eaf6bfc2fb0aee015753966da1028cb731", "compliance_mode": "strict"}
{"ts": 1772263384.781282, "user": "thorbthorb", "accepted": true, "reason": "accepted", "bytes": 1, "sha256": "3f79bb7b435b05321651daefd374cdc681dc06faa65e374e38337b88ca046dea", "compliance_mode": "strict"}
{"ts": 1772263384.999718, "user": "thorbthorb", "accepted": true, "reason": "accepted", "bytes": 1, "sha256": "2d711642b726b04401627ca9fbac32f5c8530fb1903cc4db02258717921a4881", "compliance_mode": "strict"}
{"ts": 1772263385.114899, "user": "thorbthorb", "accepted": true, "reason": "accepted", "bytes": 1, "sha256": "148de9c5a7a44d19e56cd9ae1a554bf67847afb0c58f6e12fa29ac7ddfca9940", "compliance_mode": "strict"}
{"ts": 1772263385.2928178, "user": "thorbthorb", "accepted": true, "reason": "accepted", "bytes": 1, "sha256": "acac86c0e609ca906f632b0e2dacccb2b77d22b0621f20ebece1a4835b93f6f0", "compliance_mode": "strict"}
{"ts": 1772263385.452359, "user": "thorbthorb", "accepted": true, "reason": "accepted", "bytes": 1, "sha256": "ca978112ca1bbdcafac231b39a23dc4da786eff8147c4e72b9807785afee48bb", "compliance_mode": "strict"}
{"ts": 1772263385.5045178, "user": "thorbthorb", "accepted": true, "reason": "accepted", "bytes": 1, "sha256": "de7d1b721a1e0632b7cf04edf5032c8ecffa9f9a08492152b926f1a5a7e765d7", "compliance_mode": "strict"}
{"ts": 1772263385.700737, "user": "thorbthorb", "accepted": true, "reason": "accepted", "bytes": 1, "sha256": "1b16b1df538ba12dc3f97edbb85caa7050d46c148134290feba80f8236c83db9", "compliance_mode": "strict"}
{"ts": 1772263385.844938, "user": "thorbthorb", "accepted": true, "reason": "accepted", "bytes": 1, "sha256": "36a9e7f1c95b82ffb99743e0c5c4ce95d83c9a430aac59f84ef3cbfab6145068", "compliance_mode": "strict"}
{"ts": 1772263386.20121, "user": "thorbthorb", "accepted": true, "reason": "accepted", "bytes": 1, "sha256": "50e721e49c013f00c62cf59f2163542a9d8df02464efeb615d31051b0fddc326", "compliance_mode": "strict"}
{"ts": 1772263386.28244, "user": "thorbthorb", "accepted": true, "reason": "accepted", "bytes": 1, "sha256": "aaa9402664f1a41f40ebbc52c9993eb66aeb366602958fdfaa283b71e64db123", "compliance_mode": "strict"}
{"ts": 1772263386.390611, "user": "thorbthorb", "accepted": true, "reason": "accepted", "bytes": 1, "sha256": "ca978112ca1bbdcafac231b39a23dc4da786eff8147c4e72b9807785afee48bb", "compliance_mode": "strict"}
{"ts": 1772263386.478187, "user": "thorbthorb", "accepted": true, "reason": "accepted", "bytes": 1, "sha256": "e3b98a4da31a127d4bde6e43033f66ba274cab0eb7eb1c70ec41402bf6273dd8", "compliance_mode": "strict"}
{"ts": 1772263386.565609, "user": "thorbthorb", "accepted": true, "reason": "accepted", "bytes": 1, "sha256": "36a9e7f1c95b82ffb99743e0c5c4ce95d83c9a430aac59f84ef3cbfab6145068", "compliance_mode": "strict"}
{"ts": 1772263386.666055, "user": "thorbthorb", "accepted": true, "reason": "accepted", "bytes": 1, "sha256": "e3b98a4da31a127d4bde6e43033f66ba274cab0eb7eb1c70ec41402bf6273dd8", "compliance_mode": "strict"}
{"ts": 1772263386.8455942, "user": "thorbthorb", "accepted": true, "reason": "accepted", "bytes": 1, "sha256": "aaa9402664f1a41f40ebbc52c9993eb66aeb366602958fdfaa283b71e64db123", "compliance_mode": "strict"}
{"ts": 1772263387.187232, "user": "thorbthorb", "accepted": true, "reason": "accepted", "bytes": 1, "sha256": "de7d1b721a1e0632b7cf04edf5032c8ecffa9f9a08492152b926f1a5a7e765d7", "compliance_mode": "strict"}
{"ts": 1772263387.241608, "user": "thorbthorb", "accepted": true, "reason": "accepted", "bytes": 1, "sha256": "043a718774c572bd8a25adbeb1bfcd5c0256ae11cecf9f9c3f925d0e52beaf89", "compliance_mode": "strict"}
{"ts": 1772263387.328992, "user": "thorbthorb", "accepted": true, "reason": "accepted", "bytes": 1, "sha256": "36a9e7f1c95b82ffb99743e0c5c4ce95d83c9a430aac59f84ef3cbfab6145068", "compliance_mode": "strict"}
{"ts": 1772263387.468151, "user": "thorbthorb", "accepted": true, "reason": "accepted", "bytes": 1, "sha256": "ca978112ca1bbdcafac231b39a23dc4da786eff8147c4e72b9807785afee48bb", "compliance_mode": "strict"}
{"ts": 1772263387.586433, "user": "thorbthorb", "accepted": true, "reason": "accepted", "bytes": 1, "sha256": "148de9c5a7a44d19e56cd9ae1a554bf67847afb0c58f6e12fa29ac7ddfca9940", "compliance_mode": "strict"}
{"ts": 1772263387.7098272, "user": "thorbthorb", "accepted": true, "reason": "accepted", "bytes": 1, "sha256": "148de9c5a7a44d19e56cd9ae1a554bf67847afb0c58f6e12fa29ac7ddfca9940", "compliance_mode": "strict"}
{"ts": 1772263387.847234, "user": "thorbthorb", "accepted": true, "reason": "accepted", "bytes": 1, "sha256": "36a9e7f1c95b82ffb99743e0c5c4ce95d83c9a430aac59f84ef3cbfab6145068", "compliance_mode": "strict"}
{"ts": 1772263388.171374, "user": "thorbthorb", "accepted": true, "reason": "accepted", "bytes": 1, "sha256": "18ac3e7343f016890c510e93f935261169d9e3f565436429830faf0934f4f8e4", "compliance_mode": "strict"}
{"ts": 1772263388.3297331, "user": "thorbthorb", "accepted": true, "reason": "accepted", "bytes": 1, "sha256": "65c74c15a686187bb6bbf9958f494fc6b80068034a659a9ad44991b08c58f2d2", "compliance_mode": "strict"}
{"ts": 1772263388.413064, "user": "thorbthorb", "accepted": true, "reason": "accepted", "bytes": 1, "sha256": "3f79bb7b435b05321651daefd374cdc681dc06faa65e374e38337b88ca046dea", "compliance_mode": "strict"}
{"ts": 1772263388.5891972, "user": "thorbthorb", "accepted": true, "reason": "accepted", "bytes": 1, "sha256": "043a718774c572bd8a25adbeb1bfcd5c0256ae11cecf9f9c3f925d0e52beaf89", "compliance_mode": "strict"}
{"ts": 1772263388.727618, "user": "thorbthorb", "accepted": true, "reason": "accepted", "bytes": 1, "sha256": "36a9e7f1c95b82ffb99743e0c5c4ce95d83c9a430aac59f84ef3cbfab6145068", "compliance_mode": "strict"}
{"ts": 1772263388.809653, "user": "thorbthorb", "accepted": true, "reason": "accepted", "bytes": 1, "sha256": "620bfdaa346b088fb49998d92f19a7eaf6bfc2fb0aee015753966da1028cb731", "compliance_mode": "strict"}
{"ts": 1772263389.016536, "user": "thorbthorb", "accepted": true, "reason": "accepted", "bytes": 1, "sha256": "9d1e0e2d9459d06523ad13e28a4093c2316baafe7aec5b25f30eba2e113599c4", "compliance_mode": "strict"}
{"ts": 1772263430.718508, "user": "parkm1", "accepted": true, "reason": "accepted", "bytes": 32, "sha256": "c35abcb47b82f78ed74f055989edfc300fc0803e99cca23e26bfd472e19849b6", "compliance_mode": "strict"}
{"ts": 1772263430.7189782, "user": "parkm1", "accepted": true, "reason": "accepted", "bytes": 34, "sha256": "4c4524f235fe5cc7b7b9eb48e6dc4b82c5ff9b45e896e13492afb77876250dd5", "compliance_mode": "strict"}
{"ts": 1772263442.522275, "user": "thorbthorb", "accepted": true, "reason": "accepted", "bytes": 1, "sha256": "620bfdaa346b088fb49998d92f19a7eaf6bfc2fb0aee015753966da1028cb731", "compliance_mode": "strict"}
{"ts": 1772263442.838293, "user": "thorbthorb", "accepted": true, "reason": "accepted", "bytes": 1, "sha256": "620bfdaa346b088fb49998d92f19a7eaf6bfc2fb0aee015753966da1028cb731", "compliance_mode": "strict"}
{"ts": 1772263443.3397539, "user": "thorbthorb", "accepted": true, "reason": "accepted", "bytes": 1, "sha256": "620bfdaa346b088fb49998d92f19a7eaf6bfc2fb0aee015753966da1028cb731", "compliance_mode": "strict"}
{"ts": 1772263443.422325, "user": "thorbthorb", "accepted": true, "reason": "accepted", "bytes": 1, "sha256": "620bfdaa346b088fb49998d92f19a7eaf6bfc2fb0aee015753966da1028cb731", "compliance_mode": "strict"}
{"ts": 1772263443.505514, "user": "thorbthorb", "accepted": true, "reason": "accepted", "bytes": 1, "sha256": "620bfdaa346b088fb49998d92f19a7eaf6bfc2fb0aee015753966da1028cb731", "compliance_mode": "strict"}
{"ts": 1772263443.590219, "user": "thorbthorb", "accepted": true, "reason": "accepted", "bytes": 1, "sha256": "620bfdaa346b088fb49998d92f19a7eaf6bfc2fb0aee015753966da1028cb731", "compliance_mode": "strict"}
{"ts": 1772263443.674322, "user": "thorbthorb", "accepted": true, "reason": "accepted", "bytes": 1, "sha256": "620bfdaa346b088fb49998d92f19a7eaf6bfc2fb0aee015753966da1028cb731", "compliance_mode": "strict"}
{"ts": 1772263443.758181, "user": "thorbthorb", "accepted": true, "reason": "accepted", "bytes": 1, "sha256": "620bfdaa346b088fb49998d92f19a7eaf6bfc2fb0aee015753966da1028cb731", "compliance_mode": "strict"}
{"ts": 1772263443.842046, "user": "thorbthorb", "accepted": true, "reason": "accepted", "bytes": 1, "sha256": "620bfdaa346b088fb49998d92f19a7eaf6bfc2fb0aee015753966da1028cb731", "compliance_mode": "strict"}
{"ts": 1772263443.9264371, "user": "thorbthorb", "accepted": true, "reason": "accepted", "bytes": 1, "sha256": "620bfdaa346b088fb49998d92f19a7eaf6bfc2fb0aee015753966da1028cb731", "compliance_mode": "strict"}
{"ts": 1772263444.0091221, "user": "thorbthorb", "accepted": true, "reason": "accepted", "bytes": 1, "sha256": "620bfdaa346b088fb49998d92f19a7eaf6bfc2fb0aee015753966da1028cb731", "compliance_mode": "strict"}
{"ts": 1772263444.0925498, "user": "thorbthorb", "accepted": true, "reason": "accepted", "bytes": 1, "sha256": "620bfdaa346b088fb49998d92f19a7eaf6bfc2fb0aee015753966da1028cb731", "compliance_mode": "strict"}
{"ts": 1772263444.177012, "user": "thorbthorb", "accepted": true, "reason": "accepted", "bytes": 1, "sha256": "620bfdaa346b088fb49998d92f19a7eaf6bfc2fb0aee015753966da1028cb731", "compliance_mode": "strict"}
{"ts": 1772263444.2617202, "user": "thorbthorb", "accepted": true, "reason": "accepted", "bytes": 1, "sha256": "620bfdaa346b088fb49998d92f19a7eaf6bfc2fb0aee015753966da1028cb731", "compliance_mode": "strict"}
{"ts": 1772263444.3455281, "user": "thorbthorb", "accepted": true, "reason": "accepted", "bytes": 1, "sha256": "620bfdaa346b088fb49998d92f19a7eaf6bfc2fb0aee015753966da1028cb731", "compliance_mode": "strict"}
{"ts": 1772263444.429446, "user": "thorbthorb", "accepted": true, "reason": "accepted", "bytes": 1, "sha256": "620bfdaa346b088fb49998d92f19a7eaf6bfc2fb0aee015753966da1028cb731", "compliance_mode": "strict"}
{"ts": 1772263444.51187, "user": "thorbthorb", "accepted": true, "reason": "accepted", "bytes": 1, "sha256": "620bfdaa346b088fb49998d92f19a7eaf6bfc2fb0aee015753966da1028cb731", "compliance_mode": "strict"}
{"ts": 1772263444.597358, "user": "thorbthorb", "accepted": true, "reason": "accepted", "bytes": 1, "sha256": "620bfdaa346b088fb49998d92f19a7eaf6bfc2fb0aee015753966da1028cb731", "compliance_mode": "strict"}
{"ts": 1772263444.68143, "user": "thorbthorb", "accepted": true, "reason": "accepted", "bytes": 1, "sha256": "620bfdaa346b088fb49998d92f19a7eaf6bfc2fb0aee015753966da1028cb731", "compliance_mode": "strict"}
{"ts": 1772263444.762912, "user": "thorbthorb", "accepted": true, "reason": "accepted", "bytes": 1, "sha256": "620bfdaa346b088fb49998d92f19a7eaf6bfc2fb0aee015753966da1028cb731", "compliance_mode": "strict"}
{"ts": 1772263444.846956, "user": "thorbthorb", "accepted": true, "reason": "accepted", "bytes": 1, "sha256": "620bfdaa346b088fb49998d92f19a7eaf6bfc2fb0aee015753966da1028cb731", "compliance_mode": "strict"}
{"ts": 1772263444.930044, "user": "thorbthorb", "accepted": true, "reason": "accepted", "bytes": 1, "sha256": "620bfdaa346b088fb49998d92f19a7eaf6bfc2fb0aee015753966da1028cb731", "compliance_mode": "strict"}
{"ts": 1772263445.014188, "user": "thorbthorb", "accepted": true, "reason": "accepted", "bytes": 1, "sha256": "620bfdaa346b088fb49998d92f19a7eaf6bfc2fb0aee015753966da1028cb731", "compliance_mode": "strict"}
{"ts": 1772263445.097846, "user": "thorbthorb", "accepted": true, "reason": "accepted", "bytes": 1, "sha256": "620bfdaa346b088fb49998d92f19a7eaf6bfc2fb0aee015753966da1028cb731", "compliance_mode": "strict"}
{"ts": 1772263445.181487, "user": "thorbthorb", "accepted": true, "reason": "accepted", "bytes": 1, "sha256": "620bfdaa346b088fb49998d92f19a7eaf6bfc2fb0aee015753966da1028cb731", "compliance_mode": "strict"}
{"ts": 1772263445.266361, "user": "thorbthorb", "accepted": true, "reason": "accepted", "bytes": 1, "sha256": "620bfdaa346b088fb49998d92f19a7eaf6bfc2fb0aee015753966da1028cb731", "compliance_mode": "strict"}
{"ts": 1772263445.351825, "user": "thorbthorb", "accepted": true, "reason": "accepted", "bytes": 1, "sha256": "620bfdaa346b088fb49998d92f19a7eaf6bfc2fb0aee015753966da1028cb731", "compliance_mode": "strict"}
{"ts": 1772263445.434678, "user": "thorbthorb", "accepted": true, "reason": "accepted", "bytes": 1, "sha256": "620bfdaa346b088fb49998d92f19a7eaf6bfc2fb0aee015753966da1028cb731", "compliance_mode": "strict"}
{"ts": 1772263445.518674, "user": "thorbthorb", "accepted": true, "reason": "accepted", "bytes": 1, "sha256": "620bfdaa346b088fb49998d92f19a7eaf6bfc2fb0aee015753966da1028cb731", "compliance_mode": "strict"}
{"ts": 1772263445.601644, "user": "thorbthorb", "accepted": true, "reason": "accepted", "bytes": 1, "sha256": "620bfdaa346b088fb49998d92f19a7eaf6bfc2fb0aee015753966da1028cb731", "compliance_mode": "strict"}
{"ts": 1772263445.6860301, "user": "thorbthorb", "accepted": true, "reason": "accepted", "bytes": 1, "sha256": "620bfdaa346b088fb49998d92f19a7eaf6bfc2fb0aee015753966da1028cb731", "compliance_mode": "strict"}
{"ts": 1772263445.7682052, "user": "thorbthorb", "accepted": true, "reason": "accepted", "bytes": 1, "sha256": "620bfdaa346b088fb49998d92f19a7eaf6bfc2fb0aee015753966da1028cb731", "compliance_mode": "strict"}
{"ts": 1772263445.851958, "user": "thorbthorb", "accepted": true, "reason": "accepted", "bytes": 1, "sha256": "620bfdaa346b088fb49998d92f19a7eaf6bfc2fb0aee015753966da1028cb731", "compliance_mode": "strict"}
{"ts": 1772263445.936675, "user": "thorbthorb", "accepted": true, "reason": "accepted", "bytes": 1, "sha256": "620bfdaa346b088fb49998d92f19a7eaf6bfc2fb0aee015753966da1028cb731", "compliance_mode": "strict"}
{"ts": 1772263446.020729, "user": "thorbthorb", "accepted": true, "reason": "accepted", "bytes": 1, "sha256": "620bfdaa346b088fb49998d92f19a7eaf6bfc2fb0aee015753966da1028cb731", "compliance_mode": "strict"}
{"ts": 1772263446.10415, "user": "thorbthorb", "accepted": true, "reason": "accepted", "bytes": 1, "sha256": "620bfdaa346b088fb49998d92f19a7eaf6bfc2fb0aee015753966da1028cb731", "compliance_mode": "strict"}
{"ts": 1772263446.186826, "user": "thorbthorb", "accepted": true, "reason": "accepted", "bytes": 1, "sha256": "620bfdaa346b088fb49998d92f19a7eaf6bfc2fb0aee015753966da1028cb731", "compliance_mode": "strict"}
{"ts": 1772263446.2716339, "user": "thorbthorb", "accepted": true, "reason": "accepted", "bytes": 1, "sha256": "620bfdaa346b088fb49998d92f19a7eaf6bfc2fb0aee015753966da1028cb731", "compliance_mode": "strict"}
{"ts": 1772263446.3542871, "user": "thorbthorb", "accepted": true, "reason": "accepted", "bytes": 1, "sha256": "620bfdaa346b088fb49998d92f19a7eaf6bfc2fb0aee015753966da1028cb731", "compliance_mode": "strict"}
{"ts": 1772263446.437609, "user": "thorbthorb", "accepted": true, "reason": "accepted", "bytes": 1, "sha256": "620bfdaa346b088fb49998d92f19a7eaf6bfc2fb0aee015753966da1028cb731", "compliance_mode": "strict"}
{"ts": 1772263446.521183, "user": "thorbthorb", "accepted": true, "reason": "accepted", "bytes": 1, "sha256": "620bfdaa346b088fb49998d92f19a7eaf6bfc2fb0aee015753966da1028cb731", "compliance_mode": "strict"}
{"ts": 1772263446.605037, "user": "thorbthorb", "accepted": true, "reason": "accepted", "bytes": 1, "sha256": "620bfdaa346b088fb49998d92f19a7eaf6bfc2fb0aee015753966da1028cb731", "compliance_mode": "strict"}
{"ts": 1772263446.686559, "user": "thorbthorb", "accepted": true, "reason": "accepted", "bytes": 1, "sha256": "620bfdaa346b088fb49998d92f19a7eaf6bfc2fb0aee015753966da1028cb731", "compliance_mode": "strict"}
{"ts": 1772263446.770853, "user": "thorbthorb", "accepted": true, "reason": "accepted", "bytes": 1, "sha256": "620bfdaa346b088fb49998d92f19a7eaf6bfc2fb0aee015753966da1028cb731", "compliance_mode": "strict"}
{"ts": 1772263446.8530781, "user": "thorbthorb", "accepted": true, "reason": "accepted", "bytes": 1, "sha256": "620bfdaa346b088fb49998d92f19a7eaf6bfc2fb0aee015753966da1028cb731", "compliance_mode": "strict"}
{"ts": 1772263446.936321, "user": "thorbthorb", "accepted": true, "reason": "accepted", "bytes": 1, "sha256": "620bfdaa346b088fb49998d92f19a7eaf6bfc2fb0aee015753966da1028cb731", "compliance_mode": "strict"}
{"ts": 1772263447.019732, "user": "thorbthorb", "accepted": true, "reason": "accepted", "bytes": 1, "sha256": "620bfdaa346b088fb49998d92f19a7eaf6bfc2fb0aee015753966da1028cb731", "compliance_mode": "strict"}
{"ts": 1772263447.1039538, "user": "thorbthorb", "accepted": true, "reason": "accepted", "bytes": 1, "sha256": "620bfdaa346b088fb49998d92f19a7eaf6bfc2fb0aee015753966da1028cb731", "compliance_mode": "strict"}
{"ts": 1772263447.1870148, "user": "thorbthorb", "accepted": true, "reason": "accepted", "bytes": 1, "sha256": "620bfdaa346b088fb49998d92f19a7eaf6bfc2fb0aee015753966da1028cb731", "compliance_mode": "strict"}
{"ts": 1772263447.273788, "user": "thorbthorb", "accepted": true, "reason": "accepted", "bytes": 1, "sha256": "620bfdaa346b088fb49998d92f19a7eaf6bfc2fb0aee015753966da1028cb731", "compliance_mode": "strict"}
{"ts": 1772263447.353751, "user": "thorbthorb", "accepted": true, "reason": "accepted", "bytes": 1, "sha256": "620bfdaa346b088fb49998d92f19a7eaf6bfc2fb0aee015753966da1028cb731", "compliance_mode": "strict"}
{"ts": 1772263447.4372602, "user": "thorbthorb", "accepted": true, "reason": "accepted", "bytes": 1, "sha256": "620bfdaa346b088fb49998d92f19a7eaf6bfc2fb0aee015753966da1028cb731", "compliance_mode": "strict"}
{"ts": 1772263447.520603, "user": "thorbthorb", "accepted": true, "reason": "accepted", "bytes": 1, "sha256": "620bfdaa346b088fb49998d92f19a7eaf6bfc2fb0aee015753966da1028cb731", "compliance_mode": "strict"}
{"ts": 1772263447.6032798, "user": "thorbthorb", "accepted": true, "reason": "accepted", "bytes": 1, "sha256": "620bfdaa346b088fb49998d92f19a7eaf6bfc2fb0aee015753966da1028cb731", "compliance_mode": "strict"}
{"ts": 1772263447.686202, "user": "thorbthorb", "accepted": true, "reason": "accepted", "bytes": 1, "sha256": "620bfdaa346b088fb49998d92f19a7eaf6bfc2fb0aee015753966da1028cb731", "compliance_mode": "strict"}
{"ts": 1772263447.769969, "user": "thorbthorb", "accepted": true, "reason": "accepted", "bytes": 1, "sha256": "620bfdaa346b088fb49998d92f19a7eaf6bfc2fb0aee015753966da1028cb731", "compliance_mode": "strict"}
{"ts": 1772263447.852918, "user": "thorbthorb", "accepted": true, "reason": "accepted", "bytes": 1, "sha256": "620bfdaa346b088fb49998d92f19a7eaf6bfc2fb0aee015753966da1028cb731", "compliance_mode": "strict"}
{"ts": 1772263447.935602, "user": "thorbthorb", "accepted": true, "reason": "accepted", "bytes": 1, "sha256": "620bfdaa346b088fb49998d92f19a7eaf6bfc2fb0aee015753966da1028cb731", "compliance_mode": "strict"}
{"ts": 1772263448.019526, "user": "thorbthorb", "accepted": true, "reason": "accepted", "bytes": 1, "sha256": "620bfdaa346b088fb49998d92f19a7eaf6bfc2fb0aee015753966da1028cb731", "compliance_mode": "strict"}
{"ts": 1772263448.103252, "user": "thorbthorb", "accepted": true, "reason": "accepted", "bytes": 1, "sha256": "620bfdaa346b088fb49998d92f19a7eaf6bfc2fb0aee015753966da1028cb731", "compliance_mode": "strict"}
{"ts": 1772263448.18674, "user": "thorbthorb", "accepted": true, "reason": "accepted", "bytes": 1, "sha256": "620bfdaa346b088fb49998d92f19a7eaf6bfc2fb0aee015753966da1028cb731", "compliance_mode": "strict"}
{"ts": 1772263448.271463, "user": "thorbthorb", "accepted": true, "reason": "accepted", "bytes": 1, "sha256": "620bfdaa346b088fb49998d92f19a7eaf6bfc2fb0aee015753966da1028cb731", "compliance_mode": "strict"}
{"ts": 1772263448.3556612, "user": "thorbthorb", "accepted": true, "reason": "accepted", "bytes": 1, "sha256": "620bfdaa346b088fb49998d92f19a7eaf6bfc2fb0aee015753966da1028cb731", "compliance_mode": "strict"}
{"ts": 1772263448.439184, "user": "thorbthorb", "accepted": true, "reason": "accepted", "bytes": 1, "sha256": "620bfdaa346b088fb49998d92f19a7eaf6bfc2fb0aee015753966da1028cb731", "compliance_mode": "strict"}
{"ts": 1772263448.520092, "user": "thorbthorb", "accepted": true, "reason": "accepted", "bytes": 1, "sha256": "620bfdaa346b088fb49998d92f19a7eaf6bfc2fb0aee015753966da1028cb731", "compliance_mode": "strict"}
{"ts": 1772263448.6042721, "user": "thorbthorb", "accepted": true, "reason": "accepted", "bytes": 1, "sha256": "620bfdaa346b088fb49998d92f19a7eaf6bfc2fb0aee015753966da1028cb731", "compliance_mode": "strict"}
{"ts": 1772263448.687409, "user": "thorbthorb", "accepted": true, "reason": "accepted", "bytes": 1, "sha256": "620bfdaa346b088fb49998d92f19a7eaf6bfc2fb0aee015753966da1028cb731", "compliance_mode": "strict"}
{"ts": 1772263448.771172, "user": "thorbthorb", "accepted": true, "reason": "accepted", "bytes": 1, "sha256": "620bfdaa346b088fb49998d92f19a7eaf6bfc2fb0aee015753966da1028cb731", "compliance_mode": "strict"}
{"ts": 1772263448.8546822, "user": "thorbthorb", "accepted": true, "reason": "accepted", "bytes": 1, "sha256": "620bfdaa346b088fb49998d92f19a7eaf6bfc2fb0aee015753966da1028cb731", "compliance_mode": "strict"}
{"ts": 1772263448.937525, "user": "thorbthorb", "accepted": true, "reason": "accepted", "bytes": 1, "sha256": "620bfdaa346b088fb49998d92f19a7eaf6bfc2fb0aee015753966da1028cb731", "compliance_mode": "strict"}
{"ts": 1772263449.02065, "user": "thorbthorb", "accepted": true, "reason": "accepted", "bytes": 1, "sha256": "620bfdaa346b088fb49998d92f19a7eaf6bfc2fb0aee015753966da1028cb731", "compliance_mode": "strict"}
{"ts": 1772263470.443203, "user": "parkm1", "accepted": true, "reason": "accepted", "bytes": 16, "sha256": "59ac5c39b9f3c695c8ff487069f4fc4e788f1f315745489fde7cee8dbf91e999", "compliance_mode": "strict"}
{"ts": 1772263470.443697, "user": "parkm1", "accepted": true, "reason": "accepted", "bytes": 32, "sha256": "331504093665e3e63e7bafb71a504de35c05ccfe0b7a9564eeaaf263f279c8cc", "compliance_mode": "strict"}
{"ts": 1772263470.4438322, "user": "parkm1", "accepted": true, "reason": "accepted", "bytes": 18, "sha256": "6d8aff27f74782da3c2be39fe0d0153f0e24e6b034a7fb460163403f6ab99259", "compliance_mode": "strict"}
{"ts": 1772263471.4142861, "user": "parkm1", "accepted": true, "reason": "accepted", "bytes": 16, "sha256": "59ac5c39b9f3c695c8ff487069f4fc4e788f1f315745489fde7cee8dbf91e999", "compliance_mode": "strict"}
{"ts": 1772263471.4150841, "user": "parkm1", "accepted": true, "reason": "accepted", "bytes": 32, "sha256": "331504093665e3e63e7bafb71a504de35c05ccfe0b7a9564eeaaf263f279c8cc", "compliance_mode": "strict"}
{"ts": 1772263471.415675, "user": "parkm1", "accepted": true, "reason": "accepted", "bytes": 18, "sha256": "6d8aff27f74782da3c2be39fe0d0153f0e24e6b034a7fb460163403f6ab99259", "compliance_mode": "strict"}
{"ts": 1772263472.095926, "user": "parkm1", "accepted": true, "reason": "accepted", "bytes": 16, "sha256": "59ac5c39b9f3c695c8ff487069f4fc4e788f1f315745489fde7cee8dbf91e999", "compliance_mode": "strict"}
{"ts": 1772263472.09643, "user": "parkm1", "accepted": true, "reason": "accepted", "bytes": 32, "sha256": "331504093665e3e63e7bafb71a504de35c05ccfe0b7a9564eeaaf263f279c8cc", "compliance_mode": "strict"}
{"ts": 1772263472.096812, "user": "parkm1", "accepted": true, "reason": "accepted", "bytes": 18, "sha256": "6d8aff27f74782da3c2be39fe0d0153f0e24e6b034a7fb460163403f6ab99259", "compliance_mode": "strict"}
{"ts": 1772263473.5645509, "user": "parkm1", "accepted": true, "reason": "accepted", "bytes": 16, "sha256": "59ac5c39b9f3c695c8ff487069f4fc4e788f1f315745489fde7cee8dbf91e999", "compliance_mode": "strict"}
{"ts": 1772263473.5647418, "user": "parkm1", "accepted": true, "reason": "accepted", "bytes": 32, "sha256": "331504093665e3e63e7bafb71a504de35c05ccfe0b7a9564eeaaf263f279c8cc", "compliance_mode": "strict"}
{"ts": 1772263473.564815, "user": "parkm1", "accepted": true, "reason": "accepted", "bytes": 16, "sha256": "75573157b41628b1579c66f560a6ffd8a147321392ec7a08767282d8120fbea3", "compliance_mode": "strict"}
{"ts": 1772263473.565412, "user": "parkm1", "accepted": true, "reason": "accepted", "bytes": 2, "sha256": "07de662a1e9300c2b8b668539090815c3ee074d27a53c5317acbdbbb3dcb4959", "compliance_mode": "strict"}
{"ts": 1772263474.337949, "user": "parkm1", "accepted": true, "reason": "accepted", "bytes": 16, "sha256": "59ac5c39b9f3c695c8ff487069f4fc4e788f1f315745489fde7cee8dbf91e999", "compliance_mode": "strict"}
{"ts": 1772263474.3388312, "user": "parkm1", "accepted": true, "reason": "accepted", "bytes": 16, "sha256": "7b2611d092c98d35dc18ba1ddaf41dd7fe8037b40ad7a0375e9ffab93a1ae4da", "compliance_mode": "strict"}
{"ts": 1772263474.339287, "user": "parkm1", "accepted": true, "reason": "accepted", "bytes": 34, "sha256": "4c4524f235fe5cc7b7b9eb48e6dc4b82c5ff9b45e896e13492afb77876250dd5", "compliance_mode": "strict"}
{"ts": 1772263475.8445818, "user": "parkm1", "accepted": true, "reason": "accepted", "bytes": 16, "sha256": "59ac5c39b9f3c695c8ff487069f4fc4e788f1f315745489fde7cee8dbf91e999", "compliance_mode": "strict"}
{"ts": 1772263475.8450181, "user": "parkm1", "accepted": true, "reason": "accepted", "bytes": 48, "sha256": "6cd3ccd9832085cb7c6df39131e60a49cea907bce6c9dc61f9cc9c1dd80e9c1c", "compliance_mode": "strict"}
{"ts": 1772263475.845469, "user": "parkm1", "accepted": true, "reason": "accepted", "bytes": 2, "sha256": "07de662a1e9300c2b8b668539090815c3ee074d27a53c5317acbdbbb3dcb4959", "compliance_mode": "strict"}
{"ts": 1772263476.133889, "user": "parkm1", "accepted": true, "reason": "accepted", "bytes": 16, "sha256": "59ac5c39b9f3c695c8ff487069f4fc4e788f1f315745489fde7cee8dbf91e999", "compliance_mode": "strict"}
{"ts": 1772263476.134357, "user": "parkm1", "accepted": true, "reason": "accepted", "bytes": 16, "sha256": "7b2611d092c98d35dc18ba1ddaf41dd7fe8037b40ad7a0375e9ffab93a1ae4da", "compliance_mode": "strict"}
{"ts": 1772263476.13476, "user": "parkm1", "accepted": true, "reason": "accepted", "bytes": 16, "sha256": "6b830b4792d6f0aa4c361bb51312b2b8b4b35f4e4becab38707044fc58373486", "compliance_mode": "strict"}
{"ts": 1772263476.135781, "user": "parkm1", "accepted": true, "reason": "accepted", "bytes": 16, "sha256": "75573157b41628b1579c66f560a6ffd8a147321392ec7a08767282d8120fbea3", "compliance_mode": "strict"}
{"ts": 1772263476.135982, "user": "parkm1", "accepted": true, "reason": "accepted", "bytes": 2, "sha256": "07de662a1e9300c2b8b668539090815c3ee074d27a53c5317acbdbbb3dcb4959", "compliance_mode": "strict"}
{"ts": 1772263476.602699, "user": "parkm1", "accepted": true, "reason": "accepted", "bytes": 16, "sha256": "59ac5c39b9f3c695c8ff487069f4fc4e788f1f315745489fde7cee8dbf91e999", "compliance_mode": "strict"}
{"ts": 1772263476.603924, "user": "parkm1", "accepted": true, "reason": "accepted", "bytes": 50, "sha256": "fceeae6376170e2af950b8cbd01c7d6e9b242c6e7e40005cb3695af335db0a19", "compliance_mode": "strict"}
{"ts": 1772263476.811861, "user": "parkm1", "accepted": true, "reason": "accepted", "bytes": 16, "sha256": "59ac5c39b9f3c695c8ff487069f4fc4e788f1f315745489fde7cee8dbf91e999", "compliance_mode": "strict"}
{"ts": 1772263476.8122828, "user": "parkm1", "accepted": true, "reason": "accepted", "bytes": 32, "sha256": "331504093665e3e63e7bafb71a504de35c05ccfe0b7a9564eeaaf263f279c8cc", "compliance_mode": "strict"}
{"ts": 1772263476.8126779, "user": "parkm1", "accepted": true, "reason": "accepted", "bytes": 18, "sha256": "6d8aff27f74782da3c2be39fe0d0153f0e24e6b034a7fb460163403f6ab99259", "compliance_mode": "strict"}
{"ts": 1772263476.992843, "user": "parkm1", "accepted": true, "reason": "accepted", "bytes": 16, "sha256": "59ac5c39b9f3c695c8ff487069f4fc4e788f1f315745489fde7cee8dbf91e999", "compliance_mode": "strict"}
{"ts": 1772263476.993574, "user": "parkm1", "accepted": true, "reason": "accepted", "bytes": 16, "sha256": "7b2611d092c98d35dc18ba1ddaf41dd7fe8037b40ad7a0375e9ffab93a1ae4da", "compliance_mode": "strict"}
{"ts": 1772263476.993998, "user": "parkm1", "accepted": true, "reason": "accepted", "bytes": 16, "sha256": "6b830b4792d6f0aa4c361bb51312b2b8b4b35f4e4becab38707044fc58373486", "compliance_mode": "strict"}
{"ts": 1772263476.994427, "user": "parkm1", "accepted": true, "reason": "accepted", "bytes": 16, "sha256": "75573157b41628b1579c66f560a6ffd8a147321392ec7a08767282d8120fbea3", "compliance_mode": "strict"}
{"ts": 1772263476.994743, "user": "parkm1", "accepted": true, "reason": "accepted", "bytes": 2, "sha256": "07de662a1e9300c2b8b668539090815c3ee074d27a53c5317acbdbbb3dcb4959", "compliance_mode": "strict"}
{"ts": 1772263477.1834319, "user": "parkm1", "accepted": true, "reason": "accepted", "bytes": 16, "sha256": "59ac5c39b9f3c695c8ff487069f4fc4e788f1f315745489fde7cee8dbf91e999", "compliance_mode": "strict"}
{"ts": 1772263477.183713, "user": "parkm1", "accepted": true, "reason": "accepted", "bytes": 48, "sha256": "6cd3ccd9832085cb7c6df39131e60a49cea907bce6c9dc61f9cc9c1dd80e9c1c", "compliance_mode": "strict"}
{"ts": 1772263477.184014, "user": "parkm1", "accepted": true, "reason": "accepted", "bytes": 2, "sha256": "07de662a1e9300c2b8b668539090815c3ee074d27a53c5317acbdbbb3dcb4959", "compliance_mode": "strict"}
{"ts": 1772263477.350595, "user": "parkm1", "accepted": true, "reason": "accepted", "bytes": 32, "sha256": "c35abcb47b82f78ed74f055989edfc300fc0803e99cca23e26bfd472e19849b6", "compliance_mode": "strict"}
{"ts": 1772263477.350961, "user": "parkm1", "accepted": true, "reason": "accepted", "bytes": 16, "sha256": "6b830b4792d6f0aa4c361bb51312b2b8b4b35f4e4becab38707044fc58373486", "compliance_mode": "strict"}
{"ts": 1772263477.351281, "user": "parkm1", "accepted": true, "reason": "accepted", "bytes": 18, "sha256": "6d8aff27f74782da3c2be39fe0d0153f0e24e6b034a7fb460163403f6ab99259", "compliance_mode": "strict"}
{"ts": 1772263483.450937, "user": "parkm1", "accepted": true, "reason": "accepted", "bytes": 1, "sha256": "58f7b0780592032e4d8602a3e8690fb2c701b2e1dd546e703445aabd6469734d", "compliance_mode": "strict"}
